<?xml version="1.0" encoding="UTF-8"?>
<testng-results skipped="0" failed="0" total="1" passed="1">
  <reporter-output>
  </reporter-output>
  <suite name="Default suite" duration-ms="59748" started-at="2018-12-30T11:59:39Z" finished-at="2018-12-30T12:00:39Z">
    <groups>
    </groups>
    <test name="Default test" duration-ms="59748" started-at="2018-12-30T11:59:39Z" finished-at="2018-12-30T12:00:39Z">
      <class name="Appium.TestCases.LoginTestCase">
        <test-method status="PASS" signature="createAppiumDriver()[pri:0, instance:Appium.TestCases.LoginTestCase@1bce4f0a]" name="createAppiumDriver" is-config="true" duration-ms="12040" started-at="2018-12-30T16:59:39Z" finished-at="2018-12-30T16:59:51Z">
          <reporter-output>
          </reporter-output>
        </test-method> <!-- createAppiumDriver -->
        <test-method status="PASS" signature="LoginTestCase()[pri:0, instance:Appium.TestCases.LoginTestCase@1bce4f0a]" name="LoginTestCase" duration-ms="45633" started-at="2018-12-30T16:59:51Z" finished-at="2018-12-30T17:00:36Z">
          <reporter-output>
          </reporter-output>
        </test-method> <!-- LoginTestCase -->
        <test-method status="PASS" signature="afterTest()[pri:0, instance:Appium.TestCases.LoginTestCase@1bce4f0a]" name="afterTest" is-config="true" duration-ms="2057" started-at="2018-12-30T17:00:36Z" finished-at="2018-12-30T17:00:39Z">
          <reporter-output>
          </reporter-output>
        </test-method> <!-- afterTest -->
      </class> <!-- Appium.TestCases.LoginTestCase -->
    </test> <!-- Default test -->
  </suite> <!-- Default suite -->
</testng-results>
